1524481804433	geckodriver	INFO	geckodriver 0.20.1
1524481804442	geckodriver	INFO	Listening on 127.0.0.1:55904
1524481807479	mozrunner::runner	INFO	Running command: "C:\\Program Files (x86)\\Mozilla Firefox\\firefox.exe" "-marionette" "-profile" "C:\\Users\\lisho\\AppData\\Local\\Temp\\rust_mozprofile.97nMf1xUDvyz"
1524481808136	Marionette	INFO	Enabled via --marionette
1524481809244	Marionette	INFO	Listening on port 55912
1524481809500	Marionette	WARN	TLS certificate errors will be ignored for this session
[Parent 10636, Gecko_IOThread] WARNING: pipe error: 109: file z:/build/build/src/ipc/chromium/src/chrome/common/ipc_channel_win.cc, line 346
[Child 11716, Chrome_ChildThread] WARNING: pipe error: 109: file z:/build/build/src/ipc/chromium/src/chrome/common/ipc_channel_win.cc, line 346[
Child 2316, Chrome_ChildThread] WARNING: pipe error: 109: file z:/build/build/src/ipc/chromium/src/chrome/common/ipc_channel_win.cc, line 346
[Child 2316, Chro[Child 12968, Chrom*** UTM:SVC TimerManager:registerTimer called after profile-before-change notification. Ignoring timer registration for id: telemetry_modules_ping
[GPU 12428, C
###!!! [Child][MessageChannel::SendAndWait] Error: Channel error: cannot send/recv

1524481929430	geckodriver	INFO	geckodriver 0.20.1
1524481929438	geckodriver	INFO	Listening on 127.0.0.1:55984
1524481932186	mozrunner::runner	INFO	Running command: "C:\\Program Files (x86)\\Mozilla Firefox\\firefox.exe" "-marionette" "-profile" "C:\\Users\\lisho\\AppData\\Local\\Temp\\rust_mozprofile.Ow7VqpLFcXeW"
1524481934878	Marionette	INFO	Enabled via --marionette
1524481944326	Marionette	INFO	Listening on port 56145
1524481945026	Marionette	WARN	TLS certificate errors will be ignored for this session
[Parent 14280, Gecko_IOThread] WARNING: pipe error: 109: file z:/build/build/src/ipc/chromium/src/chrome/
###!!! [Child][MessageChannel::SendAndWait] Error: Channel error: cannot send/recv


###!!! [Child][MessageChannel::SendAndWait] Error: Channel error: cannot send/recv

e 346
[Child 21832, Chrome_ChildThread] WARNING: pip[Child 21524, Chrome_ChildThread] WARNING: pipe error: 109: file z:/build/build/src/ipc/chromium/src/c[GPU 17864, Chrome_ChildT
###!!! [Child][MessageChannel::SendAndWait] Error: Channel error: cannot send/recv

 
###!!! [Child][MessageChannel::SendAndWait
###!!! [Child][MessageChannel::SendAndWait] Error: Channel error: cannot send/recv

cannot send/recv

ild][MessageC
###!!! [Child][MessageChannel::SendAndWait] Error: Channel error: cannot send/recv

SendAndWait] Error: Channel error: cannot send/recv

line 34
###!!! [Child][MessageChannel::SendAndWait] Error: Channel error: cannot send/recv

l error: cannot send/recv

Channel::SendAndWait] Error: Channel erro
###!!! [Child][MessageChannel::SendAndWait] Error: Channel error: cannot send/recv

ageChannel::SendAndWait] Error: Channel error: cannot send/recv


[GPU 18480, Chrome_ChildThread] WARNING: pipe error: 109: file z:/build/build/src/ipc/chromium/src/chrome/common/ipc_channel_win.
###!!! [Child][MessageChannel::SendAndWait] Error: Channel error: cannot send/recv

